----------

Wed Jan 18 2023 10:16:54 GMT+0100 (heure normale d’Europe centrale)

warning: in the working copy of 'maquette/assets/bootstrap/css/bootstrap.min.css', LF will be replaced by CRLF the next time Git touches it


----------

Wed Jan 18 2023 10:16:54 GMT+0100 (heure normale d’Europe centrale)

warning: in the working copy of 'maquette/assets/bootstrap/js/bootstrap.min.js', LF will be replaced by CRLF the next time Git touches it


----------

Wed Jan 18 2023 10:16:54 GMT+0100 (heure normale d’Europe centrale)

warning: in the working copy of 'maquette/assets/css/Bootstrap-Calendar.css', LF will be replaced by CRLF the next time Git touches it


----------

Wed Jan 18 2023 10:16:54 GMT+0100 (heure normale d’Europe centrale)

warning: in the working copy of 'maquette/assets/css/Pricing-Clean-icons.css', LF will be replaced by CRLF the next time Git touches it


----------

Wed Jan 18 2023 10:16:54 GMT+0100 (heure normale d’Europe centrale)

warning: in the working copy of 'maquette/assets/css/animate.min.css', LF will be replaced by CRLF the next time Git touches it


----------

Wed Jan 18 2023 10:16:54 GMT+0100 (heure normale d’Europe centrale)

warning: in the working copy of 'maquette/assets/css/untitled.css', LF will be replaced by CRLF the next time Git touches it


----------

Wed Jan 18 2023 10:16:54 GMT+0100 (heure normale d’Europe centrale)

warning: in the working copy of 'maquette/assets/fonts/font-awesome.min.css', LF will be replaced by CRLF the next time Git touches it


----------

Wed Jan 18 2023 10:16:54 GMT+0100 (heure normale d’Europe centrale)

warning: in the working copy of 'maquette/assets/fonts/fontawesome-webfont.svg', LF will be replaced by CRLF the next time Git touches it


----------

Wed Jan 18 2023 10:16:54 GMT+0100 (heure normale d’Europe centrale)

warning: in the working copy of 'maquette/assets/js/bs-init.js', LF will be replaced by CRLF the next time Git touches it


----------

Wed Jan 18 2023 10:16:54 GMT+0100 (heure normale d’Europe centrale)

warning: in the working copy of 'maquette/index.html', LF will be replaced by CRLF the next time Git touches it


----------

Wed Jan 18 2023 10:16:54 GMT+0100 (heure normale d’Europe centrale)

warning: in the working copy of 'maquette/untitled.html', LF will be replaced by CRLF the next time Git touches it


----------

Wed Jan 18 2023 10:16:55 GMT+0100 (heure normale d’Europe centrale)

warning: git-credential-manager-core was renamed to git-credential-manager
warning: see https://aka.ms/gcm/rename for more information


----------

Wed Jan 18 2023 10:16:57 GMT+0100 (heure normale d’Europe centrale)

warning: git-credential-manager-core was renamed to git-credential-manager
warning: see https://aka.ms/gcm/rename for more information


----------

Wed Jan 18 2023 10:17:05 GMT+0100 (heure normale d’Europe centrale)

To https://github.com/Radiusof/MarieTeam.git
   74cc586..7f8c736  maquette -> maquette


